FILE [WARN ] 2022-02-02 14:24:49,019 main Sort method:  - warning
FILE [WARN ] 2022-02-02 14:32:39,258 main Sort method:  - warning
FILE [WARN ] 2022-02-02 14:55:30,272 main Logger - warning
FILE [WARN ] 2022-02-02 14:58:31,934 main Logger - warning
FILE [WARN ] 2022-02-02 15:24:04,781 main Logger - warning
FILE [WARN ] 2022-02-02 15:39:58,366 main Logger - warning
FILE [WARN ] 2022-02-02 15:47:07,139 main Logger - warning
FILE [WARN ] 2022-02-02 16:06:29,976 main Logger - warning
FILE [WARN ] 2022-02-02 16:16:38,861 main Logger - warning
FILE [WARN ] 2022-02-02 16:32:43,402 main Logger - warning
FILE [WARN ] 2022-02-02 16:41:08,190 main Logger - warning
FILE [WARN ] 2022-02-02 16:47:36,797 main Logger - warning
FILE [WARN ] 2022-02-02 16:50:36,893 main Logger - warning
FILE [WARN ] 2022-02-02 16:51:27,159 main Logger - warning
FILE [WARN ] 2022-02-02 16:53:16,730 main Logger - warning
FILE [WARN ] 2022-02-02 16:55:25,799 main Logger - warning
FILE [WARN ] 2022-02-02 16:56:12,634 main Logger - warning
FILE [WARN ] 2022-02-02 16:56:46,441 main Logger - warning
FILE [WARN ] 2022-02-02 17:00:05,525 main Logger - warning
FILE [WARN ] 2022-02-02 17:03:05,578 main Logger - warning
FILE [WARN ] 2022-02-02 17:04:23,541 main Logger - warning
FILE [WARN ] 2022-02-02 17:07:56,064 main Logger - warning
FILE [WARN ] 2022-02-02 17:08:41,808 main Logger - warning
FILE [WARN ] 2022-02-02 17:10:07,426 main Logger - warning
FILE [WARN ] 2022-02-02 17:10:56,791 main Logger - warning
FILE [WARN ] 2022-02-02 17:11:45,427 main Logger - warning
FILE [WARN ] 2022-02-02 17:15:29,386 main Logger - warning
FILE [WARN ] 2022-02-02 19:17:04,732 main Logger - warning
FILE [WARN ] 2022-02-02 19:31:43,664 main Logger - warning
FILE [WARN ] 2022-02-02 19:35:19,904 main Logger - warning
FILE [WARN ] 2022-02-02 19:36:25,615 main Logger - warning
FILE [WARN ] 2022-02-02 19:40:05,738 main Logger - warning
FILE [WARN ] 2022-02-02 19:46:42,358 main Logger - warning
FILE [WARN ] 2022-02-02 19:47:22,760 main Logger - warning
FILE [WARN ] 2022-02-02 19:48:20,940 main Logger - warning
FILE [WARN ] 2022-02-02 19:54:47,118 main Logger - warning
FILE [WARN ] 2022-02-02 19:57:19,511 main Logger - warning
FILE [WARN ] 2022-02-02 20:00:15,173 main Logger - warning
FILE [WARN ] 2022-02-02 20:01:09,353 main Logger - warning
FILE [WARN ] 2022-02-02 20:08:54,404 main Logger - warning
FILE [INFO ] 2022-02-02 20:08:58,992 main Logger - bubblesort
FILE [WARN ] 2022-02-02 20:10:08,872 main Logger - warning
FILE [INFO ] 2022-02-02 20:10:15,327 main Logger - desiredSortMethod value = bubblesort
FILE [WARN ] 2022-02-02 20:11:16,157 main Logger - warning
FILE [INFO ] 2022-02-02 20:11:20,957 main Logger - desiredSortMethod value = bubblesort
FILE [INFO ] 2022-02-02 20:11:29,457 main Logger - Desired type of array= yes
FILE [WARN ] 2022-02-02 20:17:15,139 main Logger - warning
FILE [INFO ] 2022-02-02 20:17:18,298 main Logger - desiredSortMethod value = bubblesort
FILE [INFO ] 2022-02-02 20:17:19,965 main Logger - Desired type of array= yes
FILE [INFO ] 2022-02-02 20:18:00,355 main Logger - arraySize= 5
FILE [INFO ] 2022-02-02 20:18:02,840 main Logger - arrayBounds= 10
FILE [INFO ] 2022-02-02 20:18:02,840 main Logger - Unsorted array= [I@1ba9117e
FILE [INFO ] 2022-02-02 21:42:11,215 main Logger - Program Start
FILE [INFO ] 2022-02-02 21:42:15,579 main Logger - desiredSortMethod value = f
FILE [INFO ] 2022-02-02 21:42:25,404 main Logger - Desired type of array= yes
FILE [INFO ] 2022-02-02 21:42:30,833 main Logger - arraySize= 5
FILE [INFO ] 2022-02-02 21:42:33,451 main Logger - arrayBounds= 10
FILE [INFO ] 2022-02-02 21:42:33,451 main Logger - Unsorted array= [-10, 6, -4, 2, 0]
FILE [INFO ] 2022-02-02 21:42:33,452 main Logger - unsortedArray= [-10, 6, -4, 2, 0]
FILE [INFO ] 2022-02-02 21:42:33,452 main Logger - sortingArray= [-10, 6, -4, 2, 0]
FILE [INFO ] 2022-02-02 21:42:33,452 main Logger - comparisonArray= [-10, 6, -4, 2, 0]
FILE [INFO ] 2022-02-02 21:42:33,452 main Logger - comparisonArray= [-10, -4, 0, 2, 6]
FILE [INFO ] 2022-02-02 21:49:10,110 main Logger - Program Start
FILE [INFO ] 2022-02-02 21:50:50,001 main Logger - Program Start
FILE [INFO ] 2022-02-02 21:54:10,020 main Logger - Program Start
FILE [INFO ] 2022-02-02 21:58:50,326 main Logger - Program Start
FILE [INFO ] 2022-02-02 21:59:08,023 main Logger - desiredSortMethod value = bubblesort
FILE [INFO ] 2022-02-02 22:00:49,940 main Logger - Program Start
FILE [INFO ] 2022-02-02 22:01:53,577 main Logger - Program Start
FILE [INFO ] 2022-02-02 22:04:48,437 main Logger - Program Start
FILE [INFO ] 2022-02-02 22:04:55,390 main Logger - desiredSortMethod value = bubblesort
FILE [INFO ] 2022-02-02 22:05:10,803 main Logger - Program Start
FILE [INFO ] 2022-02-02 22:05:16,086 main Logger - desiredSortMethod value = bubblesort
FILE [INFO ] 2022-02-02 22:05:25,984 main Logger - Program Start
FILE [INFO ] 2022-02-02 22:05:35,144 main Logger - desiredSortMethod value = mergesort
FILE [INFO ] 2022-02-02 22:09:06,979 main Logger - Program Start
FILE [INFO ] 2022-02-02 22:09:13,933 main Logger - desiredSortMethod value = bubblesort
FILE [INFO ] 2022-02-02 22:09:21,406 main Logger - Desired type of array= yes
FILE [INFO ] 2022-02-02 22:17:52,920 main Logger - Program Start
FILE [INFO ] 2022-02-02 22:17:59,177 main Logger - desiredSortMethod value = bubblesort
FILE [INFO ] 2022-02-02 22:18:02,282 main Logger - Desired type of array= yes
FILE [INFO ] 2022-02-02 22:18:04,980 main Logger - arraySize= 5
FILE [INFO ] 2022-02-02 22:18:07,429 main Logger - arrayBounds= 10
FILE [INFO ] 2022-02-02 22:18:07,430 main Logger - Unsorted array= [4, -10, 7, 9, -10]
FILE [INFO ] 2022-02-02 22:18:07,430 main Logger - unsortedArray= [4, -10, 7, 9, -10]
FILE [INFO ] 2022-02-02 22:18:07,430 main Logger - sortingArray= [4, -10, 7, 9, -10]
FILE [INFO ] 2022-02-02 22:18:07,430 main Logger - comparisonArray= [4, -10, 7, 9, -10]
FILE [INFO ] 2022-02-02 22:18:07,431 main Logger - comparisonArray= [-10, -10, 4, 7, 9]
FILE [INFO ] 2022-02-02 22:18:07,431 main Logger - desiredSortMethod= bubblesort
FILE [INFO ] 2022-02-02 22:18:07,431 main Logger - unsortedArray= [4, -10, 7, 9, -10]
FILE [INFO ] 2022-02-02 22:18:07,433 main Logger - desiredSortMethod= class com.spartaglobal.sortmanager.model.BubbleSort
FILE [INFO ] 2022-02-02 22:18:07,434 main Logger - arrayToSort= [4, -10, 7, 9, -10]
FILE [INFO ] 2022-02-02 22:18:07,434 main Logger - arrayToSort= [-10, -10, 4, 7, 9]
FILE [INFO ] 2022-02-02 22:18:07,434 main Logger - result= [-10, -10, 4, 7, 9]
FILE [INFO ] 2022-02-02 22:32:14,943 main com.spartaglobal.sortmanager.SortManagerMain - Program Start
FILE [INFO ] 2022-02-02 22:32:23,969 main com.spartaglobal.sortmanager.SortManagerMain - desiredSortMethod value = bubblesort
FILE [INFO ] 2022-02-02 22:32:27,918 main com.spartaglobal.sortmanager.SortManagerMain - Desired type of array= yes
FILE [INFO ] 2022-02-02 22:32:30,815 main com.spartaglobal.sortmanager.SortManagerMain - arraySize= 5
FILE [INFO ] 2022-02-02 22:32:31,745 main com.spartaglobal.sortmanager.SortManagerMain - arrayBounds= 10
FILE [INFO ] 2022-02-02 22:32:31,746 main com.spartaglobal.sortmanager.SortManagerMain - Unsorted array= [4, -6, -5, 7, 4]
FILE [INFO ] 2022-02-02 22:32:31,746 main com.spartaglobal.sortmanager.SortManagerMain - unsortedArray= [4, -6, -5, 7, 4]
FILE [INFO ] 2022-02-02 22:32:31,746 main com.spartaglobal.sortmanager.SortManagerMain - sortingArray= [4, -6, -5, 7, 4]
FILE [INFO ] 2022-02-02 22:32:31,746 main com.spartaglobal.sortmanager.SortManagerMain - comparisonArray= [4, -6, -5, 7, 4]
FILE [INFO ] 2022-02-02 22:32:31,747 main com.spartaglobal.sortmanager.SortManagerMain - comparisonArray= [-6, -5, 4, 4, 7]
FILE [INFO ] 2022-02-02 22:32:31,747 main com.spartaglobal.sortmanager.SortManagerMain - desiredSortMethod= bubblesort
FILE [INFO ] 2022-02-02 22:32:31,747 main com.spartaglobal.sortmanager.SortManagerMain - unsortedArray= [4, -6, -5, 7, 4]
FILE [INFO ] 2022-02-02 22:32:31,749 main com.spartaglobal.sortmanager.SortManagerMain - desiredSortMethod= class com.spartaglobal.sortmanager.model.BubbleSort
FILE [INFO ] 2022-02-02 22:32:31,749 main com.spartaglobal.sortmanager.SortManagerMain - arrayToSort= [4, -6, -5, 7, 4]
FILE [INFO ] 2022-02-02 22:32:31,749 main com.spartaglobal.sortmanager.SortManagerMain - arrayToSort= [-6, -5, 4, 4, 7]
FILE [INFO ] 2022-02-02 22:32:31,749 main com.spartaglobal.sortmanager.SortManagerMain - result= [-6, -5, 4, 4, 7]
